Start testing: Sep 20 09:38 Pacific Daylight Time
----------------------------------------------------------
1/31 Testing: developer_studio_model_test
1/31 Test: developer_studio_model_test
Command: "D:/dev/guideXOS_Developer_Studio/build-phase28q-host/developer_studio_model_test.exe"
Directory: D:/dev/guideXOS_Developer_Studio/build-phase28q-host
"developer_studio_model_test" start time: Sep 20 09:38 Pacific Daylight Time
Output:
----------------------------------------------------------
<end of output>
Test time =   0.02 sec
----------------------------------------------------------
Test Passed.
"developer_studio_model_test" end time: Sep 20 09:38 Pacific Daylight Time
"developer_studio_model_test" time elapsed: 00:00:00
----------------------------------------------------------

2/31 Testing: developer_studio_project_test
2/31 Test: developer_studio_project_test
Command: "D:/dev/guideXOS_Developer_Studio/build-phase28q-host/developer_studio_project_test.exe"
Directory: D:/dev/guideXOS_Developer_Studio/build-phase28q-host
"developer_studio_project_test" start time: Sep 20 09:38 Pacific Daylight Time
Output:
----------------------------------------------------------
Developer Studio project parser/generator PASS
<end of output>
Test time =   0.04 sec
----------------------------------------------------------
Test Passed.
"developer_studio_project_test" end time: Sep 20 09:38 Pacific Daylight Time
"developer_studio_project_test" time elapsed: 00:00:00
----------------------------------------------------------

3/31 Testing: developer_studio_build_test
3/31 Test: developer_studio_build_test
Command: "D:/dev/guideXOS_Developer_Studio/build-phase28q-host/developer_studio_build_test.exe"
Directory: D:/dev/guideXOS_Developer_Studio/build-phase28q-host
"developer_studio_build_test" start time: Sep 20 09:38 Pacific Daylight Time
Output:
----------------------------------------------------------
Developer Studio build controller PASS
<end of output>
Test time =   0.02 sec
----------------------------------------------------------
Test Passed.
"developer_studio_build_test" end time: Sep 20 09:38 Pacific Daylight Time
"developer_studio_build_test" time elapsed: 00:00:00
----------------------------------------------------------

4/31 Testing: developer_studio_source_enumeration_test
4/31 Test: developer_studio_source_enumeration_test
Command: "D:/dev/guideXOS_Developer_Studio/build-phase28q-host/developer_studio_source_enumeration_test.exe"
Directory: D:/dev/guideXOS_Developer_Studio/build-phase28q-host
"developer_studio_source_enumeration_test" start time: Sep 20 09:38 Pacific Daylight Time
Output:
----------------------------------------------------------
Developer Studio source enumeration PASS
<end of output>
Test time =   0.02 sec
----------------------------------------------------------
Test Passed.
"developer_studio_source_enumeration_test" end time: Sep 20 09:38 Pacific Daylight Time
"developer_studio_source_enumeration_test" time elapsed: 00:00:00
----------------------------------------------------------

5/31 Testing: developer_studio_run_test
5/31 Test: developer_studio_run_test
Command: "D:/dev/guideXOS_Developer_Studio/build-phase28q-host/developer_studio_run_test.exe"
Directory: D:/dev/guideXOS_Developer_Studio/build-phase28q-host
"developer_studio_run_test" start time: Sep 20 09:38 Pacific Daylight Time
Output:
----------------------------------------------------------
Developer Studio run controller PASS
<end of output>
Test time =   0.02 sec
----------------------------------------------------------
Test Passed.
"developer_studio_run_test" end time: Sep 20 09:38 Pacific Daylight Time
"developer_studio_run_test" time elapsed: 00:00:00
----------------------------------------------------------

6/31 Testing: developer_studio_output_test
6/31 Test: developer_studio_output_test
Command: "D:/dev/guideXOS_Developer_Studio/build-phase28q-host/developer_studio_output_test.exe"
Directory: D:/dev/guideXOS_Developer_Studio/build-phase28q-host
"developer_studio_output_test" start time: Sep 20 09:38 Pacific Daylight Time
Output:
----------------------------------------------------------
Developer Studio output service and diagnostic parser PASS
<end of output>
Test time =   0.02 sec
----------------------------------------------------------
Test Passed.
"developer_studio_output_test" end time: Sep 20 09:38 Pacific Daylight Time
"developer_studio_output_test" time elapsed: 00:00:00
----------------------------------------------------------

7/31 Testing: developer_studio_navigation_test
7/31 Test: developer_studio_navigation_test
Command: "D:/dev/guideXOS_Developer_Studio/build-phase28q-host/developer_studio_navigation_test.exe"
Directory: D:/dev/guideXOS_Developer_Studio/build-phase28q-host
"developer_studio_navigation_test" start time: Sep 20 09:38 Pacific Daylight Time
Output:
----------------------------------------------------------
Developer Studio diagnostic navigation PASS
<end of output>
Test time =   0.02 sec
----------------------------------------------------------
Test Passed.
"developer_studio_navigation_test" end time: Sep 20 09:38 Pacific Daylight Time
"developer_studio_navigation_test" time elapsed: 00:00:00
----------------------------------------------------------

8/31 Testing: developer_studio_syntax_test
8/31 Test: developer_studio_syntax_test
Command: "D:/dev/guideXOS_Developer_Studio/build-phase28q-host/developer_studio_syntax_test.exe"
Directory: D:/dev/guideXOS_Developer_Studio/build-phase28q-host
"developer_studio_syntax_test" start time: Sep 20 09:38 Pacific Daylight Time
Output:
----------------------------------------------------------
Developer Studio syntax tests PASS
<end of output>
Test time =   0.02 sec
----------------------------------------------------------
Test Passed.
"developer_studio_syntax_test" end time: Sep 20 09:38 Pacific Daylight Time
"developer_studio_syntax_test" time elapsed: 00:00:00
----------------------------------------------------------

9/31 Testing: developer_studio_find_test
9/31 Test: developer_studio_find_test
Command: "D:/dev/guideXOS_Developer_Studio/build-phase28q-host/developer_studio_find_test.exe"
Directory: D:/dev/guideXOS_Developer_Studio/build-phase28q-host
"developer_studio_find_test" start time: Sep 20 09:38 Pacific Daylight Time
Output:
----------------------------------------------------------
<end of output>
Test time =   0.02 sec
----------------------------------------------------------
Test Passed.
"developer_studio_find_test" end time: Sep 20 09:38 Pacific Daylight Time
"developer_studio_find_test" time elapsed: 00:00:00
----------------------------------------------------------

10/31 Testing: developer_studio_project_search_test
10/31 Test: developer_studio_project_search_test
Command: "D:/dev/guideXOS_Developer_Studio/build-phase28q-host/developer_studio_project_search_test.exe"
Directory: D:/dev/guideXOS_Developer_Studio/build-phase28q-host
"developer_studio_project_search_test" start time: Sep 20 09:38 Pacific Daylight Time
Output:
----------------------------------------------------------
Developer Studio project search PASS
<end of output>
Test time =   0.03 sec
----------------------------------------------------------
Test Passed.
"developer_studio_project_search_test" end time: Sep 20 09:38 Pacific Daylight Time
"developer_studio_project_search_test" time elapsed: 00:00:00
----------------------------------------------------------

11/31 Testing: developer_studio_symbol_test
11/31 Test: developer_studio_symbol_test
Command: "D:/dev/guideXOS_Developer_Studio/build-phase28q-host/developer_studio_symbol_test.exe"
Directory: D:/dev/guideXOS_Developer_Studio/build-phase28q-host
"developer_studio_symbol_test" start time: Sep 20 09:38 Pacific Daylight Time
Output:
----------------------------------------------------------
<end of output>
Test time =   0.25 sec
----------------------------------------------------------
Test Passed.
"developer_studio_symbol_test" end time: Sep 20 09:38 Pacific Daylight Time
"developer_studio_symbol_test" time elapsed: 00:00:00
----------------------------------------------------------

12/31 Testing: developer_studio_navigation_definition_test
12/31 Test: developer_studio_navigation_definition_test
Command: "D:/dev/guideXOS_Developer_Studio/build-phase28q-host/developer_studio_navigation_definition_test.exe"
Directory: D:/dev/guideXOS_Developer_Studio/build-phase28q-host
"developer_studio_navigation_definition_test" start time: Sep 20 09:38 Pacific Daylight Time
Output:
----------------------------------------------------------
<end of output>
Test time =   0.02 sec
----------------------------------------------------------
Test Passed.
"developer_studio_navigation_definition_test" end time: Sep 20 09:38 Pacific Daylight Time
"developer_studio_navigation_definition_test" time elapsed: 00:00:00
----------------------------------------------------------

13/31 Testing: developer_studio_reference_test
13/31 Test: developer_studio_reference_test
Command: "D:/dev/guideXOS_Developer_Studio/build-phase28q-host/developer_studio_reference_test.exe"
Directory: D:/dev/guideXOS_Developer_Studio/build-phase28q-host
"developer_studio_reference_test" start time: Sep 20 09:38 Pacific Daylight Time
Output:
----------------------------------------------------------
<end of output>
Test time =   0.02 sec
----------------------------------------------------------
Test Passed.
"developer_studio_reference_test" end time: Sep 20 09:38 Pacific Daylight Time
"developer_studio_reference_test" time elapsed: 00:00:00
----------------------------------------------------------

14/31 Testing: developer_studio_rename_test
14/31 Test: developer_studio_rename_test
Command: "D:/dev/guideXOS_Developer_Studio/build-phase28q-host/developer_studio_rename_test.exe"
Directory: D:/dev/guideXOS_Developer_Studio/build-phase28q-host
"developer_studio_rename_test" start time: Sep 20 09:38 Pacific Daylight Time
Output:
----------------------------------------------------------
<end of output>
Test time =   0.26 sec
----------------------------------------------------------
Test Passed.
"developer_studio_rename_test" end time: Sep 20 09:38 Pacific Daylight Time
"developer_studio_rename_test" time elapsed: 00:00:00
----------------------------------------------------------

15/31 Testing: developer_studio_completion_test
15/31 Test: developer_studio_completion_test
Command: "D:/dev/guideXOS_Developer_Studio/build-phase28q-host/developer_studio_completion_test.exe"
Directory: D:/dev/guideXOS_Developer_Studio/build-phase28q-host
"developer_studio_completion_test" start time: Sep 20 09:38 Pacific Daylight Time
Output:
----------------------------------------------------------
Developer Studio completion model PASS
<end of output>
Test time =   0.16 sec
----------------------------------------------------------
Test Passed.
"developer_studio_completion_test" end time: Sep 20 09:38 Pacific Daylight Time
"developer_studio_completion_test" time elapsed: 00:00:00
----------------------------------------------------------

16/31 Testing: developer_studio_signature_test
16/31 Test: developer_studio_signature_test
Command: "D:/dev/guideXOS_Developer_Studio/build-phase28q-host/developer_studio_signature_test.exe"
Directory: D:/dev/guideXOS_Developer_Studio/build-phase28q-host
"developer_studio_signature_test" start time: Sep 20 09:38 Pacific Daylight Time
Output:
----------------------------------------------------------
Developer Studio signature help model PASS
<end of output>
Test time =   0.02 sec
----------------------------------------------------------
Test Passed.
"developer_studio_signature_test" end time: Sep 20 09:38 Pacific Daylight Time
"developer_studio_signature_test" time elapsed: 00:00:00
----------------------------------------------------------

17/31 Testing: developer_studio_include_graph_test
17/31 Test: developer_studio_include_graph_test
Command: "D:/dev/guideXOS_Developer_Studio/build-phase28q-host/developer_studio_include_graph_test.exe"
Directory: D:/dev/guideXOS_Developer_Studio/build-phase28q-host
"developer_studio_include_graph_test" start time: Sep 20 09:38 Pacific Daylight Time
Output:
----------------------------------------------------------
Developer Studio include graph model PASS
<end of output>
Test time =   0.33 sec
----------------------------------------------------------
Test Passed.
"developer_studio_include_graph_test" end time: Sep 20 09:38 Pacific Daylight Time
"developer_studio_include_graph_test" time elapsed: 00:00:00
----------------------------------------------------------

18/31 Testing: developer_studio_relationship_test
18/31 Test: developer_studio_relationship_test
Command: "D:/dev/guideXOS_Developer_Studio/build-phase28q-host/developer_studio_relationship_test.exe"
Directory: D:/dev/guideXOS_Developer_Studio/build-phase28q-host
"developer_studio_relationship_test" start time: Sep 20 09:38 Pacific Daylight Time
Output:
----------------------------------------------------------
<end of output>
Test time =   0.02 sec
----------------------------------------------------------
Test Passed.
"developer_studio_relationship_test" end time: Sep 20 09:38 Pacific Daylight Time
"developer_studio_relationship_test" time elapsed: 00:00:00
----------------------------------------------------------

19/31 Testing: developer_studio_ownership_test
19/31 Test: developer_studio_ownership_test
Command: "D:/dev/guideXOS_Developer_Studio/build-phase28q-host/developer_studio_ownership_test.exe"
Directory: D:/dev/guideXOS_Developer_Studio/build-phase28q-host
"developer_studio_ownership_test" start time: Sep 20 09:38 Pacific Daylight Time
Output:
----------------------------------------------------------
<end of output>
Test time =   0.02 sec
----------------------------------------------------------
Test Passed.
"developer_studio_ownership_test" end time: Sep 20 09:38 Pacific Daylight Time
"developer_studio_ownership_test" time elapsed: 00:00:00
----------------------------------------------------------

20/31 Testing: developer_studio_types_test
20/31 Test: developer_studio_types_test
Command: "D:/dev/guideXOS_Developer_Studio/build-phase28q-host/developer_studio_types_test.exe"
Directory: D:/dev/guideXOS_Developer_Studio/build-phase28q-host
"developer_studio_types_test" start time: Sep 20 09:38 Pacific Daylight Time
Output:
----------------------------------------------------------
<end of output>
Test time =   0.05 sec
----------------------------------------------------------
Test Passed.
"developer_studio_types_test" end time: Sep 20 09:38 Pacific Daylight Time
"developer_studio_types_test" time elapsed: 00:00:00
----------------------------------------------------------

21/31 Testing: developer_studio_debug_symbols_test
21/31 Test: developer_studio_debug_symbols_test
Command: "D:/dev/guideXOS_Developer_Studio/build-phase28q-host/developer_studio_debug_symbols_test.exe"
Directory: D:/dev/guideXOS_Developer_Studio/build-phase28q-host
"developer_studio_debug_symbols_test" start time: Sep 20 09:38 Pacific Daylight Time
Output:
----------------------------------------------------------
Developer Studio DWARF source mapping PASS
<end of output>
Test time =   0.12 sec
----------------------------------------------------------
Test Passed.
"developer_studio_debug_symbols_test" end time: Sep 20 09:38 Pacific Daylight Time
"developer_studio_debug_symbols_test" time elapsed: 00:00:00
----------------------------------------------------------

22/31 Testing: developer_studio_debugger_test
22/31 Test: developer_studio_debugger_test
Command: "D:/dev/guideXOS_Developer_Studio/build-phase28q-host/developer_studio_debugger_test.exe"
Directory: D:/dev/guideXOS_Developer_Studio/build-phase28q-host
"developer_studio_debugger_test" start time: Sep 20 09:38 Pacific Daylight Time
Output:
----------------------------------------------------------
Developer Studio debugger model PASS
<end of output>
Test time =   0.03 sec
----------------------------------------------------------
Test Passed.
"developer_studio_debugger_test" end time: Sep 20 09:38 Pacific Daylight Time
"developer_studio_debugger_test" time elapsed: 00:00:00
----------------------------------------------------------

23/31 Testing: developer_studio_debugger_step_test
23/31 Test: developer_studio_debugger_step_test
Command: "D:/dev/guideXOS_Developer_Studio/build-phase28q-host/developer_studio_debugger_step_test.exe"
Directory: D:/dev/guideXOS_Developer_Studio/build-phase28q-host
"developer_studio_debugger_step_test" start time: Sep 20 09:38 Pacific Daylight Time
Output:
----------------------------------------------------------
Developer Studio source-step model PASS
<end of output>
Test time =   0.03 sec
----------------------------------------------------------
Test Passed.
"developer_studio_debugger_step_test" end time: Sep 20 09:38 Pacific Daylight Time
"developer_studio_debugger_step_test" time elapsed: 00:00:00
----------------------------------------------------------

24/31 Testing: developer_studio_debugger_stack_test
24/31 Test: developer_studio_debugger_stack_test
Command: "D:/dev/guideXOS_Developer_Studio/build-phase28q-host/developer_studio_debugger_stack_test.exe"
Directory: D:/dev/guideXOS_Developer_Studio/build-phase28q-host
"developer_studio_debugger_stack_test" start time: Sep 20 09:38 Pacific Daylight Time
Output:
----------------------------------------------------------
Developer Studio AMD64 frame-pointer stack test PASS
<end of output>
Test time =   0.03 sec
----------------------------------------------------------
Test Passed.
"developer_studio_debugger_stack_test" end time: Sep 20 09:38 Pacific Daylight Time
"developer_studio_debugger_stack_test" time elapsed: 00:00:00
----------------------------------------------------------

25/31 Testing: developer_studio_debugger_structured_variables_test
25/31 Test: developer_studio_debugger_structured_variables_test
Command: "D:/dev/guideXOS_Developer_Studio/build-phase28q-host/developer_studio_debugger_structured_variables_test.exe"
Directory: D:/dev/guideXOS_Developer_Studio
"developer_studio_debugger_structured_variables_test" start time: Sep 20 09:38 Pacific Daylight Time
Output:
----------------------------------------------------------
Phase10 evidence: debugInfoBytes=2427 abbrevBytes=432 typeDies=112 aggregateDies=16 memberDies=69 rootVariables=10 materializedNodes=40 targetMemoryReads=34
Phase10 addresses: rect=0x7000e0 originX=0x7000e0 originY=0x7000e4 width=0x7000e8 values=0x7000d0 values2=0x7000d8 configLocation=0x7000f0 configTarget=0x710000 node=0x7000b0
Developer Studio structured variables test PASS
<end of output>
Test time =   0.03 sec
----------------------------------------------------------
Test Passed.
"developer_studio_debugger_structured_variables_test" end time: Sep 20 09:38 Pacific Daylight Time
"developer_studio_debugger_structured_variables_test" time elapsed: 00:00:00
----------------------------------------------------------

26/31 Testing: developer_studio_debugger_variables_test
26/31 Test: developer_studio_debugger_variables_test
Command: "D:/dev/guideXOS_Developer_Studio/build-phase28q-host/developer_studio_debugger_variables_test.exe"
Directory: D:/dev/guideXOS_Developer_Studio
"developer_studio_debugger_variables_test" start time: Sep 20 09:38 Pacific Daylight Time
Output:
----------------------------------------------------------
Developer Studio DWARF locals/arguments test PASS
<end of output>
Test time =   0.06 sec
----------------------------------------------------------
Test Passed.
"developer_studio_debugger_variables_test" end time: Sep 20 09:38 Pacific Daylight Time
"developer_studio_debugger_variables_test" time elapsed: 00:00:00
----------------------------------------------------------

27/31 Testing: developer_studio_debugger_watches_test
27/31 Test: developer_studio_debugger_watches_test
Command: "D:/dev/guideXOS_Developer_Studio/build-phase28q-host/developer_studio_debugger_watches_test.exe"
Directory: D:/dev/guideXOS_Developer_Studio
"developer_studio_debugger_watches_test" start time: Sep 20 09:38 Pacific Daylight Time
Output:
----------------------------------------------------------
Phase11 watch proof: expressions=30 reads=73 writes=0 rectWidth=100 rectOriginX=10 configCount=4 values2=3 ptr=42
Developer Studio debugger watches test PASS
<end of output>
Test time =   0.03 sec
----------------------------------------------------------
Test Passed.
"developer_studio_debugger_watches_test" end time: Sep 20 09:38 Pacific Daylight Time
"developer_studio_debugger_watches_test" time elapsed: 00:00:00
----------------------------------------------------------

28/31 Testing: developer_studio_debugger_conditional_breakpoints_test
28/31 Test: developer_studio_debugger_conditional_breakpoints_test
Command: "D:/dev/guideXOS_Developer_Studio/build-phase28q-host/developer_studio_debugger_conditional_breakpoints_test.exe"
Directory: D:/dev/guideXOS_Developer_Studio
"developer_studio_debugger_conditional_breakpoints_test" start time: Sep 20 09:38 Pacific Daylight Time
Output:
----------------------------------------------------------
Phase13 conditional comparison proof: false_false_true=1 reinsertion=1 member=1 array=1 pointer_null=1 signed_mixed=1 errors_stop=1 memory_writes=0 target_calls=0
Developer Studio debugger conditional breakpoints test PASS
<end of output>
Test time =   0.03 sec
----------------------------------------------------------
Test Passed.
"developer_studio_debugger_conditional_breakpoints_test" end time: Sep 20 09:38 Pacific Daylight Time
"developer_studio_debugger_conditional_breakpoints_test" time elapsed: 00:00:00
----------------------------------------------------------

29/31 Testing: developer_studio_debug_editor_test
29/31 Test: developer_studio_debug_editor_test
Command: "D:/dev/guideXOS_Developer_Studio/build-phase28q-host/developer_studio_debug_editor_test.exe"
Directory: D:/dev/guideXOS_Developer_Studio/build-phase28q-host
"developer_studio_debug_editor_test" start time: Sep 20 09:38 Pacific Daylight Time
Output:
----------------------------------------------------------
Developer Studio source debugger editor model PASS
<end of output>
Test time =   0.02 sec
----------------------------------------------------------
Test Passed.
"developer_studio_debug_editor_test" end time: Sep 20 09:38 Pacific Daylight Time
"developer_studio_debug_editor_test" time elapsed: 00:00:00
----------------------------------------------------------

30/31 Testing: developer_studio_debugger_workspace_test
30/31 Test: developer_studio_debugger_workspace_test
Command: "D:/dev/guideXOS_Developer_Studio/build-phase28q-host/developer_studio_debugger_workspace_test.exe"
Directory: D:/dev/guideXOS_Developer_Studio/build-phase28q-host
"developer_studio_debugger_workspace_test" start time: Sep 20 09:38 Pacific Daylight Time
Output:
----------------------------------------------------------
Developer Studio debugger workspace persistence PASS
<end of output>
Test time =   0.02 sec
----------------------------------------------------------
Test Passed.
"developer_studio_debugger_workspace_test" end time: Sep 20 09:38 Pacific Daylight Time
"developer_studio_debugger_workspace_test" time elapsed: 00:00:00
----------------------------------------------------------

31/31 Testing: developer_studio_debug_tips_test
31/31 Test: developer_studio_debug_tips_test
Command: "D:/dev/guideXOS_Developer_Studio/build-phase28q-host/developer_studio_debug_tips_test.exe"
Directory: D:/dev/guideXOS_Developer_Studio/build-phase28q-host
"developer_studio_debug_tips_test" start time: Sep 20 09:38 Pacific Daylight Time
Output:
----------------------------------------------------------
Developer Studio debugger data tips model PASS
<end of output>
Test time =   0.02 sec
----------------------------------------------------------
Test Passed.
"developer_studio_debug_tips_test" end time: Sep 20 09:38 Pacific Daylight Time
"developer_studio_debug_tips_test" time elapsed: 00:00:00
----------------------------------------------------------

End testing: Sep 20 09:38 Pacific Daylight Time
