Start testing: Sep 19 11:03 Pacific Daylight Time
----------------------------------------------------------
30/30 Testing: developer_studio_debugger_workspace_test
30/30 Test: developer_studio_debugger_workspace_test
Command: "D:/dev/guideXOS_Developer_Studio/build-native-gcc/developer_studio_debugger_workspace_test.exe"
Directory: D:/dev/guideXOS_Developer_Studio/build-native-gcc
"developer_studio_debugger_workspace_test" start time: Sep 19 11:03 Pacific Daylight Time
Output:
----------------------------------------------------------
Developer Studio debugger workspace persistence PASS
<end of output>
Test time =   0.03 sec
----------------------------------------------------------
Test Passed.
"developer_studio_debugger_workspace_test" end time: Sep 19 11:03 Pacific Daylight Time
"developer_studio_debugger_workspace_test" time elapsed: 00:00:00
----------------------------------------------------------

End testing: Sep 19 11:03 Pacific Daylight Time
