Start testing: Aug 12 06:45 Pacific Daylight Time
----------------------------------------------------------
1/23 Testing: developer_studio_model_test
1/23 Test: developer_studio_model_test
Command: "D:/dev/guideXOS_Developer_Studio/build-phase4-debug/developer_studio_model_test.exe"
Directory: D:/dev/guideXOS_Developer_Studio/build-phase4-debug
"developer_studio_model_test" start time: Aug 12 06:45 Pacific Daylight Time
Output:
----------------------------------------------------------
<end of output>
Test time =   0.04 sec
----------------------------------------------------------
Test Passed.
"developer_studio_model_test" end time: Aug 12 06:45 Pacific Daylight Time
"developer_studio_model_test" time elapsed: 00:00:00
----------------------------------------------------------

2/23 Testing: developer_studio_project_test
2/23 Test: developer_studio_project_test
Command: "D:/dev/guideXOS_Developer_Studio/build-phase4-debug/developer_studio_project_test.exe"
Directory: D:/dev/guideXOS_Developer_Studio/build-phase4-debug
"developer_studio_project_test" start time: Aug 12 06:45 Pacific Daylight Time
Output:
----------------------------------------------------------
Developer Studio project parser/generator PASS
<end of output>
Test time =   0.04 sec
----------------------------------------------------------
Test Passed.
"developer_studio_project_test" end time: Aug 12 06:45 Pacific Daylight Time
"developer_studio_project_test" time elapsed: 00:00:00
----------------------------------------------------------

3/23 Testing: developer_studio_build_test
3/23 Test: developer_studio_build_test
Command: "D:/dev/guideXOS_Developer_Studio/build-phase4-debug/developer_studio_build_test.exe"
Directory: D:/dev/guideXOS_Developer_Studio/build-phase4-debug
"developer_studio_build_test" start time: Aug 12 06:45 Pacific Daylight Time
Output:
----------------------------------------------------------
Developer Studio build controller PASS
<end of output>
Test time =   0.04 sec
----------------------------------------------------------
Test Passed.
"developer_studio_build_test" end time: Aug 12 06:45 Pacific Daylight Time
"developer_studio_build_test" time elapsed: 00:00:00
----------------------------------------------------------

4/23 Testing: developer_studio_run_test
4/23 Test: developer_studio_run_test
Command: "D:/dev/guideXOS_Developer_Studio/build-phase4-debug/developer_studio_run_test.exe"
Directory: D:/dev/guideXOS_Developer_Studio/build-phase4-debug
"developer_studio_run_test" start time: Aug 12 06:45 Pacific Daylight Time
Output:
----------------------------------------------------------
Developer Studio run controller PASS
<end of output>
Test time =   0.02 sec
----------------------------------------------------------
Test Passed.
"developer_studio_run_test" end time: Aug 12 06:45 Pacific Daylight Time
"developer_studio_run_test" time elapsed: 00:00:00
----------------------------------------------------------

5/23 Testing: developer_studio_output_test
5/23 Test: developer_studio_output_test
Command: "D:/dev/guideXOS_Developer_Studio/build-phase4-debug/developer_studio_output_test.exe"
Directory: D:/dev/guideXOS_Developer_Studio/build-phase4-debug
"developer_studio_output_test" start time: Aug 12 06:45 Pacific Daylight Time
Output:
----------------------------------------------------------
Developer Studio output service and diagnostic parser PASS
<end of output>
Test time =   0.02 sec
----------------------------------------------------------
Test Passed.
"developer_studio_output_test" end time: Aug 12 06:45 Pacific Daylight Time
"developer_studio_output_test" time elapsed: 00:00:00
----------------------------------------------------------

6/23 Testing: developer_studio_navigation_test
6/23 Test: developer_studio_navigation_test
Command: "D:/dev/guideXOS_Developer_Studio/build-phase4-debug/developer_studio_navigation_test.exe"
Directory: D:/dev/guideXOS_Developer_Studio/build-phase4-debug
"developer_studio_navigation_test" start time: Aug 12 06:45 Pacific Daylight Time
Output:
----------------------------------------------------------
Developer Studio diagnostic navigation PASS
<end of output>
Test time =   0.02 sec
----------------------------------------------------------
Test Passed.
"developer_studio_navigation_test" end time: Aug 12 06:45 Pacific Daylight Time
"developer_studio_navigation_test" time elapsed: 00:00:00
----------------------------------------------------------

7/23 Testing: developer_studio_syntax_test
7/23 Test: developer_studio_syntax_test
Command: "D:/dev/guideXOS_Developer_Studio/build-phase4-debug/developer_studio_syntax_test.exe"
Directory: D:/dev/guideXOS_Developer_Studio/build-phase4-debug
"developer_studio_syntax_test" start time: Aug 12 06:45 Pacific Daylight Time
Output:
----------------------------------------------------------
Developer Studio syntax tests PASS
<end of output>
Test time =   0.02 sec
----------------------------------------------------------
Test Passed.
"developer_studio_syntax_test" end time: Aug 12 06:45 Pacific Daylight Time
"developer_studio_syntax_test" time elapsed: 00:00:00
----------------------------------------------------------

8/23 Testing: developer_studio_find_test
8/23 Test: developer_studio_find_test
Command: "D:/dev/guideXOS_Developer_Studio/build-phase4-debug/developer_studio_find_test.exe"
Directory: D:/dev/guideXOS_Developer_Studio/build-phase4-debug
"developer_studio_find_test" start time: Aug 12 06:45 Pacific Daylight Time
Output:
----------------------------------------------------------
<end of output>
Test time =   0.04 sec
----------------------------------------------------------
Test Passed.
"developer_studio_find_test" end time: Aug 12 06:45 Pacific Daylight Time
"developer_studio_find_test" time elapsed: 00:00:00
----------------------------------------------------------

9/23 Testing: developer_studio_project_search_test
9/23 Test: developer_studio_project_search_test
Command: "D:/dev/guideXOS_Developer_Studio/build-phase4-debug/developer_studio_project_search_test.exe"
Directory: D:/dev/guideXOS_Developer_Studio/build-phase4-debug
"developer_studio_project_search_test" start time: Aug 12 06:45 Pacific Daylight Time
Output:
----------------------------------------------------------
Developer Studio project search PASS
<end of output>
Test time =   0.04 sec
----------------------------------------------------------
Test Passed.
"developer_studio_project_search_test" end time: Aug 12 06:45 Pacific Daylight Time
"developer_studio_project_search_test" time elapsed: 00:00:00
----------------------------------------------------------

10/23 Testing: developer_studio_symbol_test
10/23 Test: developer_studio_symbol_test
Command: "D:/dev/guideXOS_Developer_Studio/build-phase4-debug/developer_studio_symbol_test.exe"
Directory: D:/dev/guideXOS_Developer_Studio/build-phase4-debug
"developer_studio_symbol_test" start time: Aug 12 06:45 Pacific Daylight Time
Output:
----------------------------------------------------------
<end of output>
Test time =   0.27 sec
----------------------------------------------------------
Test Passed.
"developer_studio_symbol_test" end time: Aug 12 06:45 Pacific Daylight Time
"developer_studio_symbol_test" time elapsed: 00:00:00
----------------------------------------------------------

11/23 Testing: developer_studio_navigation_definition_test
11/23 Test: developer_studio_navigation_definition_test
Command: "D:/dev/guideXOS_Developer_Studio/build-phase4-debug/developer_studio_navigation_definition_test.exe"
Directory: D:/dev/guideXOS_Developer_Studio/build-phase4-debug
"developer_studio_navigation_definition_test" start time: Aug 12 06:45 Pacific Daylight Time
Output:
----------------------------------------------------------
<end of output>
Test time =   0.03 sec
----------------------------------------------------------
Test Passed.
"developer_studio_navigation_definition_test" end time: Aug 12 06:45 Pacific Daylight Time
"developer_studio_navigation_definition_test" time elapsed: 00:00:00
----------------------------------------------------------

12/23 Testing: developer_studio_reference_test
12/23 Test: developer_studio_reference_test
Command: "D:/dev/guideXOS_Developer_Studio/build-phase4-debug/developer_studio_reference_test.exe"
Directory: D:/dev/guideXOS_Developer_Studio/build-phase4-debug
"developer_studio_reference_test" start time: Aug 12 06:45 Pacific Daylight Time
Output:
----------------------------------------------------------
<end of output>
Test time =   0.03 sec
----------------------------------------------------------
Test Passed.
"developer_studio_reference_test" end time: Aug 12 06:45 Pacific Daylight Time
"developer_studio_reference_test" time elapsed: 00:00:00
----------------------------------------------------------

13/23 Testing: developer_studio_rename_test
13/23 Test: developer_studio_rename_test
Command: "D:/dev/guideXOS_Developer_Studio/build-phase4-debug/developer_studio_rename_test.exe"
Directory: D:/dev/guideXOS_Developer_Studio/build-phase4-debug
"developer_studio_rename_test" start time: Aug 12 06:45 Pacific Daylight Time
Output:
----------------------------------------------------------
<end of output>
Test time =   0.26 sec
----------------------------------------------------------
Test Passed.
"developer_studio_rename_test" end time: Aug 12 06:45 Pacific Daylight Time
"developer_studio_rename_test" time elapsed: 00:00:00
----------------------------------------------------------

14/23 Testing: developer_studio_completion_test
14/23 Test: developer_studio_completion_test
Command: "D:/dev/guideXOS_Developer_Studio/build-phase4-debug/developer_studio_completion_test.exe"
Directory: D:/dev/guideXOS_Developer_Studio/build-phase4-debug
"developer_studio_completion_test" start time: Aug 12 06:45 Pacific Daylight Time
Output:
----------------------------------------------------------
Developer Studio completion model PASS
<end of output>
Test time =   0.16 sec
----------------------------------------------------------
Test Passed.
"developer_studio_completion_test" end time: Aug 12 06:45 Pacific Daylight Time
"developer_studio_completion_test" time elapsed: 00:00:00
----------------------------------------------------------

15/23 Testing: developer_studio_signature_test
15/23 Test: developer_studio_signature_test
Command: "D:/dev/guideXOS_Developer_Studio/build-phase4-debug/developer_studio_signature_test.exe"
Directory: D:/dev/guideXOS_Developer_Studio/build-phase4-debug
"developer_studio_signature_test" start time: Aug 12 06:45 Pacific Daylight Time
Output:
----------------------------------------------------------
Developer Studio signature help model PASS
<end of output>
Test time =   0.07 sec
----------------------------------------------------------
Test Passed.
"developer_studio_signature_test" end time: Aug 12 06:45 Pacific Daylight Time
"developer_studio_signature_test" time elapsed: 00:00:00
----------------------------------------------------------

16/23 Testing: developer_studio_include_graph_test
16/23 Test: developer_studio_include_graph_test
Command: "D:/dev/guideXOS_Developer_Studio/build-phase4-debug/developer_studio_include_graph_test.exe"
Directory: D:/dev/guideXOS_Developer_Studio/build-phase4-debug
"developer_studio_include_graph_test" start time: Aug 12 06:45 Pacific Daylight Time
Output:
----------------------------------------------------------
Developer Studio include graph model PASS
<end of output>
Test time =   0.35 sec
----------------------------------------------------------
Test Passed.
"developer_studio_include_graph_test" end time: Aug 12 06:45 Pacific Daylight Time
"developer_studio_include_graph_test" time elapsed: 00:00:00
----------------------------------------------------------

17/23 Testing: developer_studio_relationship_test
17/23 Test: developer_studio_relationship_test
Command: "D:/dev/guideXOS_Developer_Studio/build-phase4-debug/developer_studio_relationship_test.exe"
Directory: D:/dev/guideXOS_Developer_Studio/build-phase4-debug
"developer_studio_relationship_test" start time: Aug 12 06:45 Pacific Daylight Time
Output:
----------------------------------------------------------
<end of output>
Test time =   0.02 sec
----------------------------------------------------------
Test Passed.
"developer_studio_relationship_test" end time: Aug 12 06:45 Pacific Daylight Time
"developer_studio_relationship_test" time elapsed: 00:00:00
----------------------------------------------------------

18/23 Testing: developer_studio_ownership_test
18/23 Test: developer_studio_ownership_test
Command: "D:/dev/guideXOS_Developer_Studio/build-phase4-debug/developer_studio_ownership_test.exe"
Directory: D:/dev/guideXOS_Developer_Studio/build-phase4-debug
"developer_studio_ownership_test" start time: Aug 12 06:45 Pacific Daylight Time
Output:
----------------------------------------------------------
<end of output>
Test time =   0.03 sec
----------------------------------------------------------
Test Passed.
"developer_studio_ownership_test" end time: Aug 12 06:45 Pacific Daylight Time
"developer_studio_ownership_test" time elapsed: 00:00:00
----------------------------------------------------------

19/23 Testing: developer_studio_types_test
19/23 Test: developer_studio_types_test
Command: "D:/dev/guideXOS_Developer_Studio/build-phase4-debug/developer_studio_types_test.exe"
Directory: D:/dev/guideXOS_Developer_Studio/build-phase4-debug
"developer_studio_types_test" start time: Aug 12 06:45 Pacific Daylight Time
Output:
----------------------------------------------------------
<end of output>
Test time =   0.07 sec
----------------------------------------------------------
Test Passed.
"developer_studio_types_test" end time: Aug 12 06:45 Pacific Daylight Time
"developer_studio_types_test" time elapsed: 00:00:00
----------------------------------------------------------

20/23 Testing: developer_studio_debug_symbols_test
20/23 Test: developer_studio_debug_symbols_test
Command: "D:/dev/guideXOS_Developer_Studio/build-phase4-debug/developer_studio_debug_symbols_test.exe"
Directory: D:/dev/guideXOS_Developer_Studio/build-phase4-debug
"developer_studio_debug_symbols_test" start time: Aug 12 06:45 Pacific Daylight Time
Output:
----------------------------------------------------------
Developer Studio DWARF source mapping PASS
<end of output>
Test time =   0.23 sec
----------------------------------------------------------
Test Passed.
"developer_studio_debug_symbols_test" end time: Aug 12 06:45 Pacific Daylight Time
"developer_studio_debug_symbols_test" time elapsed: 00:00:00
----------------------------------------------------------

21/23 Testing: developer_studio_debugger_test
21/23 Test: developer_studio_debugger_test
Command: "D:/dev/guideXOS_Developer_Studio/build-phase4-debug/developer_studio_debugger_test.exe"
Directory: D:/dev/guideXOS_Developer_Studio/build-phase4-debug
"developer_studio_debugger_test" start time: Aug 12 06:45 Pacific Daylight Time
Output:
----------------------------------------------------------
Developer Studio debugger model PASS
<end of output>
Test time =   0.03 sec
----------------------------------------------------------
Test Passed.
"developer_studio_debugger_test" end time: Aug 12 06:45 Pacific Daylight Time
"developer_studio_debugger_test" time elapsed: 00:00:00
----------------------------------------------------------

22/23 Testing: developer_studio_debugger_step_test
22/23 Test: developer_studio_debugger_step_test
Command: "D:/dev/guideXOS_Developer_Studio/build-phase4-debug/developer_studio_debugger_step_test.exe"
Directory: D:/dev/guideXOS_Developer_Studio/build-phase4-debug
"developer_studio_debugger_step_test" start time: Aug 12 06:45 Pacific Daylight Time
Output:
----------------------------------------------------------
Developer Studio source-step model PASS
<end of output>
Test time =   0.03 sec
----------------------------------------------------------
Test Passed.
"developer_studio_debugger_step_test" end time: Aug 12 06:45 Pacific Daylight Time
"developer_studio_debugger_step_test" time elapsed: 00:00:00
----------------------------------------------------------

23/23 Testing: developer_studio_debugger_stack_test
23/23 Test: developer_studio_debugger_stack_test
Command: "D:/dev/guideXOS_Developer_Studio/build-phase4-debug/developer_studio_debugger_stack_test.exe"
Directory: D:/dev/guideXOS_Developer_Studio/build-phase4-debug
"developer_studio_debugger_stack_test" start time: Aug 12 06:45 Pacific Daylight Time
Output:
----------------------------------------------------------
Developer Studio AMD64 frame-pointer stack test PASS
<end of output>
Test time =   0.04 sec
----------------------------------------------------------
Test Passed.
"developer_studio_debugger_stack_test" end time: Aug 12 06:45 Pacific Daylight Time
"developer_studio_debugger_stack_test" time elapsed: 00:00:00
----------------------------------------------------------

End testing: Aug 12 06:45 Pacific Daylight Time
