Start testing: Sep 19 18:30 Pacific Daylight Time
----------------------------------------------------------
31/31 Testing: developer_studio_debug_tips_test
31/31 Test: developer_studio_debug_tips_test
Command: "D:/dev/guideXOS_Developer_Studio/build-phase28p-host/developer_studio_debug_tips_test.exe"
Directory: D:/dev/guideXOS_Developer_Studio/build-phase28p-host
"developer_studio_debug_tips_test" start time: Sep 19 18:30 Pacific Daylight Time
Output:
----------------------------------------------------------
Developer Studio debugger data tips model PASS
<end of output>
Test time =   0.02 sec
----------------------------------------------------------
Test Passed.
"developer_studio_debug_tips_test" end time: Sep 19 18:30 Pacific Daylight Time
"developer_studio_debug_tips_test" time elapsed: 00:00:00
----------------------------------------------------------

End testing: Sep 19 18:30 Pacific Daylight Time
